20:17:52 **** Build of configuration Default for project DallShell_wifi ****
make 
download.c
arm-none-eabi-gcc -MMD -MP -MF /home/hansung/ndsdev/workspace/DallShell_wifi/build/download.d -g -Wall -O2 -march=armv5te -mtune=arm946e-s -fomit-frame-pointer -ffast-math -mthumb -mthumb-interwork -I/home/hansung/ndsdev/workspace/DallShell_wifi/include -I/home/hansung/ndsdev/workspace/DallShell_wifi/build -I/home/hansung/ndsdev/devkitPro/libnds/include -I/home/hansung/ndsdev/devkitPro/libnds/include -I/home/hansung/ndsdev/workspace/DallShell_wifi/build -DARM9 -c /home/hansung/ndsdev/workspace/DallShell_wifi/source/download.c -o download.o 
/home/hansung/ndsdev/workspace/DallShell_wifi/source/download.c: In function 'download':
/home/hansung/ndsdev/workspace/DallShell_wifi/source/download.c:194:5: warning: pointer targets in passing argument 1 of 'atoi' differ in signedness [-Wpointer-sign]
In file included from /home/hansung/ndsdev/workspace/DallShell_wifi/source/dallshell.h:28:0,
                 from /home/hansung/ndsdev/workspace/DallShell_wifi/source/download.c:20:
/home/hansung/ndsdev/devkitPro/devkitARM/bin/../lib/gcc/arm-none-eabi/4.7.1/../../../../arm-none-eabi/include/stdlib.h:69:5: note: expected 'const char *' but argument is of type 'unsigned char *'
/home/hansung/ndsdev/workspace/DallShell_wifi/source/download.c:195:5: warning: pointer targets in passing argument 1 of 'atoi' differ in signedness [-Wpointer-sign]
In file included from /home/hansung/ndsdev/workspace/DallShell_wifi/source/dallshell.h:28:0,
                 from /home/hansung/ndsdev/workspace/DallShell_wifi/source/download.c:20:
/home/hansung/ndsdev/devkitPro/devkitARM/bin/../lib/gcc/arm-none-eabi/4.7.1/../../../../arm-none-eabi/include/stdlib.h:69:5: note: expected 'const char *' but argument is of type 'unsigned char *'
main.c
arm-none-eabi-gcc -MMD -MP -MF /home/hansung/ndsdev/workspace/DallShell_wifi/build/main.d -g -Wall -O2 -march=armv5te -mtune=arm946e-s -fomit-frame-pointer -ffast-math -mthumb -mthumb-interwork -I/home/hansung/ndsdev/workspace/DallShell_wifi/include -I/home/hansung/ndsdev/workspace/DallShell_wifi/build -I/home/hansung/ndsdev/devkitPro/libnds/include -I/home/hansung/ndsdev/devkitPro/libnds/include -I/home/hansung/ndsdev/workspace/DallShell_wifi/build -DARM9 -c /home/hansung/ndsdev/workspace/DallShell_wifi/source/main.c -o main.o 
wifi.c
arm-none-eabi-gcc -MMD -MP -MF /home/hansung/ndsdev/workspace/DallShell_wifi/build/wifi.d -g -Wall -O2 -march=armv5te -mtune=arm946e-s -fomit-frame-pointer -ffast-math -mthumb -mthumb-interwork -I/home/hansung/ndsdev/workspace/DallShell_wifi/include -I/home/hansung/ndsdev/workspace/DallShell_wifi/build -I/home/hansung/ndsdev/devkitPro/libnds/include -I/home/hansung/ndsdev/devkitPro/libnds/include -I/home/hansung/ndsdev/workspace/DallShell_wifi/build -DARM9 -c /home/hansung/ndsdev/workspace/DallShell_wifi/source/wifi.c -o wifi.o 
/home/hansung/ndsdev/workspace/DallShell_wifi/source/wifi.c: In function 'number_connect':
/home/hansung/ndsdev/workspace/DallShell_wifi/source/wifi.c:41:9: warning: unused variable 'one' [-Wunused-variable]
/home/hansung/ndsdev/workspace/DallShell_wifi/source/wifi.c: In function 'wifi_connect':
/home/hansung/ndsdev/workspace/DallShell_wifi/source/wifi.c:69:9: warning: unused variable 'one' [-Wunused-variable]
/home/hansung/ndsdev/workspace/DallShell_wifi/source/wifi.c: In function 'wifi_init':
/home/hansung/ndsdev/workspace/DallShell_wifi/source/wifi.c:235:41: warning: 'j' may be used uninitialized in this function [-Wmaybe-uninitialized]
jump.s
arm-none-eabi-gcc -MMD -MP -MF /home/hansung/ndsdev/workspace/DallShell_wifi/build/jump.d -x assembler-with-cpp -g -mthumb -mthumb-interwork -c /home/hansung/ndsdev/workspace/DallShell_wifi/source/jump.s -o jump.o 
linking DallShell_wifi.elf
built ... DallShell_wifi.arm9
Nintendo DS rom tool 1.50.1 - Jun 19 2012
by Rafael Vuijk, Dave Murphy, Alexei Karpenko
built ... DallShell_wifi.nds

20:17:59 Build Finished (took 6s.417ms)

