13:49:39 **** Incremental Build of configuration Default for project Simple-IO-3 ****
make 
make[1]: `/home/hansung/ndsdev/nds-ide/0892043/Simple-IO-3/Simple-IO-3.nds'는 이미 갱신되었습니다.
14:30:47 **** Incremental Build of configuration Default for project Simple-IO-3 ****
make 
Exp_Homework.c
arm-none-eabi-gcc -MMD -MP -MF /home/hansung/ndsdev/nds-ide/0892043/Simple-IO-3/build/Exp_Homework.d -g -Wall -fomit-frame-pointer -ffast-math -mthumb -march=armv5te -mtune=arm946e-s -I/home/hansung/ndsdev/nds-ide/0892043/Simple-IO-3/include -I/home/hansung/ndsdev/nds-ide/0892043/Simple-IO-3/build -I/home/hansung/ndsdev/nds-ide/0892043/Simple-IO-3/FreeRTOS/include -I/home/hansung/ndsdev/nds-ide/0892043/Simple-IO-3/FreeRTOS/NDS -I/home/hansung/ndsdev/devkitPro/libnds/include -I/home/hansung/ndsdev/nds-ide/0892043/Simple-IO-3/build -DARM9 -c /home/hansung/ndsdev/nds-ide/0892043/Simple-IO-3/source/Exp_Homework.c -o Exp_Homework.o 
linking Simple-IO-3.elf
Nintendo DS rom tool 1.50.1 - Jun 19 2012
by Rafael Vuijk, Dave Murphy, Alexei Karpenko
built ... Simple-IO-3.nds
17:23:19 **** Build of configuration Default for project Simple-IO-3 ****
make 
down.s
arm-none-eabi-gcc -MMD -MP -MF /home/hansung/ndsdev/nds-ide/0892043/Simple-IO-3/build/down.d -x assembler-with-cpp -g -mthumb -march=armv5te -mtune=arm946e-s -c down.s -o down.o 
up.s
arm-none-eabi-gcc -MMD -MP -MF /home/hansung/ndsdev/nds-ide/0892043/Simple-IO-3/build/up.d -x assembler-with-cpp -g -mthumb -march=armv5te -mtune=arm946e-s -c up.s -o up.o 
sevencore_io.c
arm-none-eabi-gcc -MMD -MP -MF /home/hansung/ndsdev/nds-ide/0892043/Simple-IO-3/build/sevencore_io.d -g -Wall -fomit-frame-pointer -ffast-math -mthumb -march=armv5te -mtune=arm946e-s -I/home/hansung/ndsdev/nds-ide/0892043/Simple-IO-3/include -I/home/hansung/ndsdev/nds-ide/0892043/Simple-IO-3/build -I/home/hansung/ndsdev/nds-ide/0892043/Simple-IO-3/FreeRTOS/include -I/home/hansung/ndsdev/nds-ide/0892043/Simple-IO-3/FreeRTOS/NDS -I/home/hansung/ndsdev/devkitPro/libnds/include -I/home/hansung/ndsdev/nds-ide/0892043/Simple-IO-3/build -DARM9 -c /home/hansung/ndsdev/nds-ide/0892043/Simple-IO-3/FreeRTOS/NDS/sevencore_io.c -o sevencore_io.o 
Exp_Homework.c
arm-none-eabi-gcc -MMD -MP -MF /home/hansung/ndsdev/nds-ide/0892043/Simple-IO-3/build/Exp_Homework.d -g -Wall -fomit-frame-pointer -ffast-math -mthumb -march=armv5te -mtune=arm946e-s -I/home/hansung/ndsdev/nds-ide/0892043/Simple-IO-3/include -I/home/hansung/ndsdev/nds-ide/0892043/Simple-IO-3/build -I/home/hansung/ndsdev/nds-ide/0892043/Simple-IO-3/FreeRTOS/include -I/home/hansung/ndsdev/nds-ide/0892043/Simple-IO-3/FreeRTOS/NDS -I/home/hansung/ndsdev/devkitPro/libnds/include -I/home/hansung/ndsdev/nds-ide/0892043/Simple-IO-3/build -DARM9 -c /home/hansung/ndsdev/nds-ide/0892043/Simple-IO-3/source/Exp_Homework.c -o Exp_Homework.o 
/home/hansung/ndsdev/nds-ide/0892043/Simple-IO-3/source/Exp_Homework.c: In function 'f_led4':
/home/hansung/ndsdev/nds-ide/0892043/Simple-IO-3/source/Exp_Homework.c:47:2: error: 'barled1' undeclared (first use in this function)
/home/hansung/ndsdev/nds-ide/0892043/Simple-IO-3/source/Exp_Homework.c:47:2: note: each undeclared identifier is reported only once for each function it appears in
make[1]: *** [Exp_Homework.o] 오류 1
make: *** [build] 오류 2
17:23:44 **** Incremental Build of configuration Default for project Simple-IO-3 ****
make 
Exp_Homework.c
arm-none-eabi-gcc -MMD -MP -MF /home/hansung/ndsdev/nds-ide/0892043/Simple-IO-3/build/Exp_Homework.d -g -Wall -fomit-frame-pointer -ffast-math -mthumb -march=armv5te -mtune=arm946e-s -I/home/hansung/ndsdev/nds-ide/0892043/Simple-IO-3/include -I/home/hansung/ndsdev/nds-ide/0892043/Simple-IO-3/build -I/home/hansung/ndsdev/nds-ide/0892043/Simple-IO-3/FreeRTOS/include -I/home/hansung/ndsdev/nds-ide/0892043/Simple-IO-3/FreeRTOS/NDS -I/home/hansung/ndsdev/devkitPro/libnds/include -I/home/hansung/ndsdev/nds-ide/0892043/Simple-IO-3/build -DARM9 -c /home/hansung/ndsdev/nds-ide/0892043/Simple-IO-3/source/Exp_Homework.c -o Exp_Homework.o 
Exp_Sample.c
arm-none-eabi-gcc -MMD -MP -MF /home/hansung/ndsdev/nds-ide/0892043/Simple-IO-3/build/Exp_Sample.d -g -Wall -fomit-frame-pointer -ffast-math -mthumb -march=armv5te -mtune=arm946e-s -I/home/hansung/ndsdev/nds-ide/0892043/Simple-IO-3/include -I/home/hansung/ndsdev/nds-ide/0892043/Simple-IO-3/build -I/home/hansung/ndsdev/nds-ide/0892043/Simple-IO-3/FreeRTOS/include -I/home/hansung/ndsdev/nds-ide/0892043/Simple-IO-3/FreeRTOS/NDS -I/home/hansung/ndsdev/devkitPro/libnds/include -I/home/hansung/ndsdev/nds-ide/0892043/Simple-IO-3/build -DARM9 -c /home/hansung/ndsdev/nds-ide/0892043/Simple-IO-3/source/Exp_Sample.c -o Exp_Sample.o 
linking Simple-IO-3.elf
Nintendo DS rom tool 1.50.1 - Jun 19 2012
by Rafael Vuijk, Dave Murphy, Alexei Karpenko
built ... Simple-IO-3.nds
17:27:32 **** Incremental Build of configuration Default for project Simple-IO-3 ****
make 
Exp_Homework.c
arm-none-eabi-gcc -MMD -MP -MF /home/hansung/ndsdev/nds-ide/0892043/Simple-IO-3/build/Exp_Homework.d -g -Wall -fomit-frame-pointer -ffast-math -mthumb -march=armv5te -mtune=arm946e-s -I/home/hansung/ndsdev/nds-ide/0892043/Simple-IO-3/include -I/home/hansung/ndsdev/nds-ide/0892043/Simple-IO-3/build -I/home/hansung/ndsdev/nds-ide/0892043/Simple-IO-3/FreeRTOS/include -I/home/hansung/ndsdev/nds-ide/0892043/Simple-IO-3/FreeRTOS/NDS -I/home/hansung/ndsdev/devkitPro/libnds/include -I/home/hansung/ndsdev/nds-ide/0892043/Simple-IO-3/build -DARM9 -c /home/hansung/ndsdev/nds-ide/0892043/Simple-IO-3/source/Exp_Homework.c -o Exp_Homework.o 
linking Simple-IO-3.elf
Nintendo DS rom tool 1.50.1 - Jun 19 2012
by Rafael Vuijk, Dave Murphy, Alexei Karpenko
built ... Simple-IO-3.nds
17:31:27 **** Incremental Build of configuration Default for project Simple-IO-3 ****
make 
Exp_Homework.c
arm-none-eabi-gcc -MMD -MP -MF /home/hansung/ndsdev/nds-ide/0892043/Simple-IO-3/build/Exp_Homework.d -g -Wall -fomit-frame-pointer -ffast-math -mthumb -march=armv5te -mtune=arm946e-s -I/home/hansung/ndsdev/nds-ide/0892043/Simple-IO-3/include -I/home/hansung/ndsdev/nds-ide/0892043/Simple-IO-3/build -I/home/hansung/ndsdev/nds-ide/0892043/Simple-IO-3/FreeRTOS/include -I/home/hansung/ndsdev/nds-ide/0892043/Simple-IO-3/FreeRTOS/NDS -I/home/hansung/ndsdev/devkitPro/libnds/include -I/home/hansung/ndsdev/nds-ide/0892043/Simple-IO-3/build -DARM9 -c /home/hansung/ndsdev/nds-ide/0892043/Simple-IO-3/source/Exp_Homework.c -o Exp_Homework.o 
linking Simple-IO-3.elf
Nintendo DS rom tool 1.50.1 - Jun 19 2012
by Rafael Vuijk, Dave Murphy, Alexei Karpenko
built ... Simple-IO-3.nds
17:33:22 **** Incremental Build of configuration Default for project Simple-IO-3 ****
make 
Exp_Homework.c
arm-none-eabi-gcc -MMD -MP -MF /home/hansung/ndsdev/nds-ide/0892043/Simple-IO-3/build/Exp_Homework.d -g -Wall -fomit-frame-pointer -ffast-math -mthumb -march=armv5te -mtune=arm946e-s -I/home/hansung/ndsdev/nds-ide/0892043/Simple-IO-3/include -I/home/hansung/ndsdev/nds-ide/0892043/Simple-IO-3/build -I/home/hansung/ndsdev/nds-ide/0892043/Simple-IO-3/FreeRTOS/include -I/home/hansung/ndsdev/nds-ide/0892043/Simple-IO-3/FreeRTOS/NDS -I/home/hansung/ndsdev/devkitPro/libnds/include -I/home/hansung/ndsdev/nds-ide/0892043/Simple-IO-3/build -DARM9 -c /home/hansung/ndsdev/nds-ide/0892043/Simple-IO-3/source/Exp_Homework.c -o Exp_Homework.o 
linking Simple-IO-3.elf
Nintendo DS rom tool 1.50.1 - Jun 19 2012
by Rafael Vuijk, Dave Murphy, Alexei Karpenko
built ... Simple-IO-3.nds
17:33:51 **** Incremental Build of configuration Default for project Simple-IO-3 ****
make 
Exp_Homework.c
arm-none-eabi-gcc -MMD -MP -MF /home/hansung/ndsdev/nds-ide/0892043/Simple-IO-3/build/Exp_Homework.d -g -Wall -fomit-frame-pointer -ffast-math -mthumb -march=armv5te -mtune=arm946e-s -I/home/hansung/ndsdev/nds-ide/0892043/Simple-IO-3/include -I/home/hansung/ndsdev/nds-ide/0892043/Simple-IO-3/build -I/home/hansung/ndsdev/nds-ide/0892043/Simple-IO-3/FreeRTOS/include -I/home/hansung/ndsdev/nds-ide/0892043/Simple-IO-3/FreeRTOS/NDS -I/home/hansung/ndsdev/devkitPro/libnds/include -I/home/hansung/ndsdev/nds-ide/0892043/Simple-IO-3/build -DARM9 -c /home/hansung/ndsdev/nds-ide/0892043/Simple-IO-3/source/Exp_Homework.c -o Exp_Homework.o 
linking Simple-IO-3.elf
Nintendo DS rom tool 1.50.1 - Jun 19 2012
by Rafael Vuijk, Dave Murphy, Alexei Karpenko
built ... Simple-IO-3.nds
