13:42:55 **** Build of configuration Default for project FreeRTOS-exp2 ****
make 
grit /home/hansung/ndsdev/nds-ide/0892009/FreeRTOS-exp2/image/down.png -fts -odown
STATUS: ---grit v0.8.10 ---
STATUS: Individual runs.
STATUS: Input file /home/hansung/ndsdev/nds-ide/0892009/FreeRTOS-exp2/image/down.png
WARNING: No main mode specified (-gt/-gb).
STATUS: Output file: 'down'.
STATUS: Started run at: 2012-09-21, 13:42:56
STATUS: Validating gr.
WARNING:   No explicit symbol name. In overwrite mode, so using dst title.
STATUS: Validation succeeded.
STATUS: Preparing data.
STATUS: Work-DIB creation.
WARNING:   converting from 32 bpp to 16 bpp.
STATUS: converting to: 16bpp BGR, alpha=1.
STATUS: Work-DIB creation complete: 256x192@16.
STATUS: Graphics preparation.
STATUS: Compressing: 01
STATUS: Graphics preparation complete.
STATUS: Data preparation complete.
STATUS: Export to GNU asm: down into down.s .
STATUS: Run completed :).
STATUS: Done!
down.s
arm-none-eabi-gcc -MMD -MP -MF /home/hansung/ndsdev/nds-ide/0892009/FreeRTOS-exp2/build/down.d -x assembler-with-cpp -g -mthumb -march=armv5te -mtune=arm946e-s -c down.s -o down.o 
grit /home/hansung/ndsdev/nds-ide/0892009/FreeRTOS-exp2/image/up.png -fts -oup
STATUS: ---grit v0.8.10 ---
STATUS: Individual runs.
STATUS: Input file /home/hansung/ndsdev/nds-ide/0892009/FreeRTOS-exp2/image/up.png
WARNING: No main mode specified (-gt/-gb).
STATUS: Output file: 'up'.
STATUS: Started run at: 2012-09-21, 13:42:56
STATUS: Validating gr.
WARNING:   No explicit symbol name. In overwrite mode, so using dst title.
STATUS: Validation succeeded.
STATUS: Preparing data.
STATUS: Work-DIB creation.
WARNING:   converting from 32 bpp to 16 bpp.
STATUS: converting to: 16bpp BGR, alpha=1.
STATUS: Work-DIB creation complete: 256x192@16.
STATUS: Graphics preparation.
STATUS: Compressing: 01
STATUS: Graphics preparation complete.
STATUS: Data preparation complete.
STATUS: Export to GNU asm: up into up.s .
STATUS: Run completed :).
STATUS: Done!
up.s
arm-none-eabi-gcc -MMD -MP -MF /home/hansung/ndsdev/nds-ide/0892009/FreeRTOS-exp2/build/up.d -x assembler-with-cpp -g -mthumb -march=armv5te -mtune=arm946e-s -c up.s -o up.o 
make[1]: *** `croutine.o'에서 필요로 하는  타겟 `/home/hansung/ndsdev/workspace/simple-io-1/FreeRTOS/croutine.c'를 만들 규칙이 없습니다.  멈춤.
make: *** [build] 오류 2
15:09:22 **** Incremental Build of configuration Default for project FreeRTOS-exp2 ****
make 
make[1]: *** `croutine.o'에서 필요로 하는  타겟 `/home/hansung/ndsdev/workspace/simple-io-1/FreeRTOS/croutine.c'를 만들 규칙이 없습니다.  멈춤.
make: *** [build] 오류 2
15:09:22 **** Build of configuration Default for project ball-wall ****
make 
Exp_Homework.c
arm-none-eabi-gcc -MMD -MP -MF /home/hansung/ndsdev/nds-ide/0892009/ball-wall/build/Exp_Homework.d -g -Wall -fomit-frame-pointer -ffast-math -mthumb -march=armv5te -mtune=arm946e-s -I/home/hansung/ndsdev/nds-ide/0892009/ball-wall/include -I/home/hansung/ndsdev/nds-ide/0892009/ball-wall/build -I/home/hansung/ndsdev/nds-ide/0892009/ball-wall/FreeRTOS/include -I/home/hansung/ndsdev/nds-ide/0892009/ball-wall/FreeRTOS/NDS -I/home/hansung/ndsdev/devkitPro/libnds/include -I/home/hansung/ndsdev/nds-ide/0892009/ball-wall/build -DARM9 -c /home/hansung/ndsdev/nds-ide/0892009/ball-wall/source/Exp_Homework.c -o Exp_Homework.o 
linking ball-wall.elf
Nintendo DS rom tool 1.50.1 - Jun 19 2012
by Rafael Vuijk, Dave Murphy, Alexei Karpenko
built ... ball-wall.nds
15:09:25 **** Build of configuration Default for project keyqueue ****
make 
Exp_Homework.c
arm-none-eabi-gcc -MMD -MP -MF /home/hansung/ndsdev/nds-ide/0892009/keyqueue/build/Exp_Homework.d -g -Wall -fomit-frame-pointer -ffast-math -mthumb -march=armv5te -mtune=arm946e-s -I/home/hansung/ndsdev/nds-ide/0892009/keyqueue/include -I/home/hansung/ndsdev/nds-ide/0892009/keyqueue/build -I/home/hansung/ndsdev/nds-ide/0892009/keyqueue/FreeRTOS/include -I/home/hansung/ndsdev/nds-ide/0892009/keyqueue/FreeRTOS/NDS -I/home/hansung/ndsdev/devkitPro/libnds/include -I/home/hansung/ndsdev/nds-ide/0892009/keyqueue/build -DARM9 -c /home/hansung/ndsdev/nds-ide/0892009/keyqueue/source/Exp_Homework.c -o Exp_Homework.o 
main.c
arm-none-eabi-gcc -MMD -MP -MF /home/hansung/ndsdev/nds-ide/0892009/keyqueue/build/main.d -g -Wall -fomit-frame-pointer -ffast-math -mthumb -march=armv5te -mtune=arm946e-s -I/home/hansung/ndsdev/nds-ide/0892009/keyqueue/include -I/home/hansung/ndsdev/nds-ide/0892009/keyqueue/build -I/home/hansung/ndsdev/nds-ide/0892009/keyqueue/FreeRTOS/include -I/home/hansung/ndsdev/nds-ide/0892009/keyqueue/FreeRTOS/NDS -I/home/hansung/ndsdev/devkitPro/libnds/include -I/home/hansung/ndsdev/nds-ide/0892009/keyqueue/build -DARM9 -c /home/hansung/ndsdev/nds-ide/0892009/keyqueue/source/main.c -o main.o 
In file included from /home/hansung/ndsdev/nds-ide/0892009/keyqueue/source/main.c:11:0:
/home/hansung/ndsdev/nds-ide/0892009/keyqueue/FreeRTOS/NDS/gdbStub.h:115:12: warning: 'memAddrCheck' declared 'static' but never defined [-Wunused-function]
/home/hansung/ndsdev/nds-ide/0892009/keyqueue/FreeRTOS/NDS/gdbStub.h:116:12: warning: 'hex' declared 'static' but never defined [-Wunused-function]
/home/hansung/ndsdev/nds-ide/0892009/keyqueue/FreeRTOS/NDS/gdbStub.h:117:12: warning: 'hexToInt' declared 'static' but never defined [-Wunused-function]
linking keyqueue.elf
/home/hansung/ndsdev/nds-ide/0892009/keyqueue/FreeRTOS/NDS/gdbStub.h:118:23: warning: 'mem2hex' declared 'static' but never defined [-Wunused-function]
/home/hansung/ndsdev/nds-ide/0892009/keyqueue/FreeRTOS/NDS/gdbStub.h:119:23: warning: 'hex2mem' declared 'static' but never defined [-Wunused-function]
/home/hansung/ndsdev/nds-ide/0892009/keyqueue/FreeRTOS/NDS/gdbStub.h:120:23: warning: 'getpacket' declared 'static' but never defined [-Wunused-function]
/home/hansung/ndsdev/nds-ide/0892009/keyqueue/FreeRTOS/NDS/gdbStub.h:121:13: warning: 'putPacket' declared 'static' but never defined [-Wunused-function]
/home/hansung/ndsdev/nds-ide/0892009/keyqueue/FreeRTOS/NDS/gdbStub.h:122:13: warning: 'indicateHaltedReason' declared 'static' but never defined [-Wunused-function]
/home/hansung/ndsdev/nds-ide/0892009/keyqueue/FreeRTOS/NDS/gdbStub.h:123:12: warning: 'regOffset' declared 'static' but never defined [-Wunused-function]
Nintendo DS rom tool 1.50.1 - Jun 19 2012
by Rafael Vuijk, Dave Murphy, Alexei Karpenko
/home/hansung/ndsdev/nds-ide/0892009/keyqueue/FreeRTOS/NDS/gdbStub.h:128:13: warning: 'readRegisters' declared 'static' but never defined [-Wunused-function]
built ... keyqueue.nds
/home/hansung/ndsdev/nds-ide/0892009/keyqueue/FreeRTOS/NDS/gdbStub.h:129:13: warning: 'writeRegisters' declared 'static' but never defined [-Wunused-function]
/home/hansung/ndsdev/nds-ide/0892009/keyqueue/FreeRTOS/NDS/gdbStub.h:130:13: warning: 'readMemory' declared 'static' but never defined [-Wunused-function]
/home/hansung/ndsdev/nds-ide/0892009/keyqueue/FreeRTOS/NDS/gdbStub.h:131:13: warning: 'writeMemory' declared 'static' but never defined [-Wunused-function]
/home/hansung/ndsdev/nds-ide/0892009/keyqueue/FreeRTOS/NDS/gdbStub.h:132:13: warning: 'debugStub' declared 'static' but never defined [-Wunused-function]
/home/hansung/ndsdev/nds-ide/0892009/keyqueue/FreeRTOS/NDS/gdbStub.h:133:17: warning: 'v5TSemantics' declared 'static' but never defined [-Wunused-function]
/home/hansung/ndsdev/nds-ide/0892009/keyqueue/FreeRTOS/NDS/gdbStub.h:134:17: warning: 'insWillExecute' declared 'static' but never defined [-Wunused-function]
/home/hansung/ndsdev/nds-ide/0892009/keyqueue/FreeRTOS/NDS/gdbStub.h:135:17: warning: 'RmShifted' declared 'static' but never defined [-Wunused-function]
/home/hansung/ndsdev/nds-ide/0892009/keyqueue/FreeRTOS/NDS/gdbStub.h:136:18: warning: 'targetIns' declared 'static' but never defined [-Wunused-function]
/home/hansung/ndsdev/nds-ide/0892009/keyqueue/FreeRTOS/NDS/gdbStub.h:137:17: warning: 'targetThumbIns' declared 'static' but never defined [-Wunused-function]
/home/hansung/ndsdev/nds-ide/0892009/keyqueue/FreeRTOS/NDS/gdbStub.h:138:13: warning: 'singleStep' declared 'static' but never defined [-Wunused-function]
/home/hansung/ndsdev/nds-ide/0892009/keyqueue/FreeRTOS/NDS/gdbStub.h:139:13: warning: 'clearStep' declared 'static' but never defined [-Wunused-function]
/home/hansung/ndsdev/nds-ide/0892009/keyqueue/FreeRTOS/NDS/gdbStub.h:140:13: warning: 'jumpBack' declared 'static' but never defined [-Wunused-function]
/home/hansung/ndsdev/nds-ide/0892009/keyqueue/FreeRTOS/NDS/gdbStub.h:141:17: warning: 'computeReturnAddress' declared 'static' but never defined [-Wunused-function]
/home/hansung/ndsdev/nds-ide/0892009/keyqueue/FreeRTOS/NDS/gdbStub.h:143:13: warning: 'build_t_packet' declared 'static' but never defined [-Wunused-function]
/home/hansung/ndsdev/nds-ide/0892009/keyqueue/FreeRTOS/NDS/gdbStub.h:144:13: warning: 'exceptionHandler' declared 'static' but never defined [-Wunused-function]
/home/hansung/ndsdev/nds-ide/0892009/keyqueue/FreeRTOS/NDS/gdbStub.h:145:13: warning: 'firstHandler' declared 'static' but never defined [-Wunused-function]
15:09:43 **** Incremental Build of configuration Default for project ball-wall ****
make 
make[1]: `/home/hansung/ndsdev/nds-ide/0892009/ball-wall/ball-wall.nds'는 이미 갱신되었습니다.
15:09:44 **** Incremental Build of configuration Default for project keyqueue ****
make 
make[1]: `/home/hansung/ndsdev/nds-ide/0892009/keyqueue/keyqueue.nds'는 이미 갱신되었습니다.
15:11:20 **** Incremental Build of configuration Default for project ball-wall ****
make 
Exp_Homework.c
arm-none-eabi-gcc -MMD -MP -MF /home/hansung/ndsdev/nds-ide/0892009/ball-wall/build/Exp_Homework.d -g -Wall -fomit-frame-pointer -ffast-math -mthumb -march=armv5te -mtune=arm946e-s -I/home/hansung/ndsdev/nds-ide/0892009/ball-wall/include -I/home/hansung/ndsdev/nds-ide/0892009/ball-wall/build -I/home/hansung/ndsdev/nds-ide/0892009/ball-wall/FreeRTOS/include -I/home/hansung/ndsdev/nds-ide/0892009/ball-wall/FreeRTOS/NDS -I/home/hansung/ndsdev/devkitPro/libnds/include -I/home/hansung/ndsdev/nds-ide/0892009/ball-wall/build -DARM9 -c /home/hansung/ndsdev/nds-ide/0892009/ball-wall/source/Exp_Homework.c -o Exp_Homework.o 
linking ball-wall.elf
Nintendo DS rom tool 1.50.1 - Jun 19 2012
by Rafael Vuijk, Dave Murphy, Alexei Karpenko
built ... ball-wall.nds
15:11:22 **** Incremental Build of configuration Default for project keyqueue ****
make 
make[1]: `/home/hansung/ndsdev/nds-ide/0892009/keyqueue/keyqueue.nds'는 이미 갱신되었습니다.
15:16:51 **** Incremental Build of configuration Default for project ball-wall ****
make 
Exp_Homework.c
arm-none-eabi-gcc -MMD -MP -MF /home/hansung/ndsdev/nds-ide/0892009/ball-wall/build/Exp_Homework.d -g -Wall -fomit-frame-pointer -ffast-math -mthumb -march=armv5te -mtune=arm946e-s -I/home/hansung/ndsdev/nds-ide/0892009/ball-wall/include -I/home/hansung/ndsdev/nds-ide/0892009/ball-wall/build -I/home/hansung/ndsdev/nds-ide/0892009/ball-wall/FreeRTOS/include -I/home/hansung/ndsdev/nds-ide/0892009/ball-wall/FreeRTOS/NDS -I/home/hansung/ndsdev/devkitPro/libnds/include -I/home/hansung/ndsdev/nds-ide/0892009/ball-wall/build -DARM9 -c /home/hansung/ndsdev/nds-ide/0892009/ball-wall/source/Exp_Homework.c -o Exp_Homework.o 
linking ball-wall.elf
Nintendo DS rom tool 1.50.1 - Jun 19 2012
by Rafael Vuijk, Dave Murphy, Alexei Karpenko
built ... ball-wall.nds
15:16:53 **** Incremental Build of configuration Default for project keyqueue ****
make 
make[1]: `/home/hansung/ndsdev/nds-ide/0892009/keyqueue/keyqueue.nds'는 이미 갱신되었습니다.
15:20:22 **** Incremental Build of configuration Default for project ball-wall ****
make 
Exp_Homework.c
arm-none-eabi-gcc -MMD -MP -MF /home/hansung/ndsdev/nds-ide/0892009/ball-wall/build/Exp_Homework.d -g -Wall -fomit-frame-pointer -ffast-math -mthumb -march=armv5te -mtune=arm946e-s -I/home/hansung/ndsdev/nds-ide/0892009/ball-wall/include -I/home/hansung/ndsdev/nds-ide/0892009/ball-wall/build -I/home/hansung/ndsdev/nds-ide/0892009/ball-wall/FreeRTOS/include -I/home/hansung/ndsdev/nds-ide/0892009/ball-wall/FreeRTOS/NDS -I/home/hansung/ndsdev/devkitPro/libnds/include -I/home/hansung/ndsdev/nds-ide/0892009/ball-wall/build -DARM9 -c /home/hansung/ndsdev/nds-ide/0892009/ball-wall/source/Exp_Homework.c -o Exp_Homework.o 
linking ball-wall.elf
Nintendo DS rom tool 1.50.1 - Jun 19 2012
by Rafael Vuijk, Dave Murphy, Alexei Karpenko
built ... ball-wall.nds
15:20:24 **** Incremental Build of configuration Default for project keyqueue ****
make 
make[1]: `/home/hansung/ndsdev/nds-ide/0892009/keyqueue/keyqueue.nds'는 이미 갱신되었습니다.
15:26:19 **** Incremental Build of configuration Default for project ball-wall ****
make 
Exp_Homework.c
arm-none-eabi-gcc -MMD -MP -MF /home/hansung/ndsdev/nds-ide/0892009/ball-wall/build/Exp_Homework.d -g -Wall -fomit-frame-pointer -ffast-math -mthumb -march=armv5te -mtune=arm946e-s -I/home/hansung/ndsdev/nds-ide/0892009/ball-wall/include -I/home/hansung/ndsdev/nds-ide/0892009/ball-wall/build -I/home/hansung/ndsdev/nds-ide/0892009/ball-wall/FreeRTOS/include -I/home/hansung/ndsdev/nds-ide/0892009/ball-wall/FreeRTOS/NDS -I/home/hansung/ndsdev/devkitPro/libnds/include -I/home/hansung/ndsdev/nds-ide/0892009/ball-wall/build -DARM9 -c /home/hansung/ndsdev/nds-ide/0892009/ball-wall/source/Exp_Homework.c -o Exp_Homework.o 
linking ball-wall.elf
Nintendo DS rom tool 1.50.1 - Jun 19 2012
by Rafael Vuijk, Dave Murphy, Alexei Karpenko
built ... ball-wall.nds
15:26:21 **** Incremental Build of configuration Default for project keyqueue ****
make 
make[1]: `/home/hansung/ndsdev/nds-ide/0892009/keyqueue/keyqueue.nds'는 이미 갱신되었습니다.
15:26:44 **** Incremental Build of configuration Default for project ball-wall ****
make 
make[1]: `/home/hansung/ndsdev/nds-ide/0892009/ball-wall/ball-wall.nds'는 이미 갱신되었습니다.
15:29:38 **** Incremental Build of configuration Default for project ball-wall ****
make 
make[1]: `/home/hansung/ndsdev/nds-ide/0892009/ball-wall/ball-wall.nds'는 이미 갱신되었습니다.
15:29:39 **** Incremental Build of configuration Default for project keyqueue ****
make 
make[1]: `/home/hansung/ndsdev/nds-ide/0892009/keyqueue/keyqueue.nds'는 이미 갱신되었습니다.
15:30:07 **** Incremental Build of configuration Default for project ball-wall ****
make 
Exp_Homework.c
arm-none-eabi-gcc -MMD -MP -MF /home/hansung/ndsdev/nds-ide/0892009/ball-wall/build/Exp_Homework.d -g -Wall -fomit-frame-pointer -ffast-math -mthumb -march=armv5te -mtune=arm946e-s -I/home/hansung/ndsdev/nds-ide/0892009/ball-wall/include -I/home/hansung/ndsdev/nds-ide/0892009/ball-wall/build -I/home/hansung/ndsdev/nds-ide/0892009/ball-wall/FreeRTOS/include -I/home/hansung/ndsdev/nds-ide/0892009/ball-wall/FreeRTOS/NDS -I/home/hansung/ndsdev/devkitPro/libnds/include -I/home/hansung/ndsdev/nds-ide/0892009/ball-wall/build -DARM9 -c /home/hansung/ndsdev/nds-ide/0892009/ball-wall/source/Exp_Homework.c -o Exp_Homework.o 
linking ball-wall.elf
Nintendo DS rom tool 1.50.1 - Jun 19 2012
by Rafael Vuijk, Dave Murphy, Alexei Karpenko
built ... ball-wall.nds
15:30:10 **** Incremental Build of configuration Default for project keyqueue ****
make 
make[1]: `/home/hansung/ndsdev/nds-ide/0892009/keyqueue/keyqueue.nds'는 이미 갱신되었습니다.
15:33:56 **** Incremental Build of configuration Default for project ball-wall ****
make 
Exp_Homework.c
arm-none-eabi-gcc -MMD -MP -MF /home/hansung/ndsdev/nds-ide/0892009/ball-wall/build/Exp_Homework.d -g -Wall -fomit-frame-pointer -ffast-math -mthumb -march=armv5te -mtune=arm946e-s -I/home/hansung/ndsdev/nds-ide/0892009/ball-wall/include -I/home/hansung/ndsdev/nds-ide/0892009/ball-wall/build -I/home/hansung/ndsdev/nds-ide/0892009/ball-wall/FreeRTOS/include -I/home/hansung/ndsdev/nds-ide/0892009/ball-wall/FreeRTOS/NDS -I/home/hansung/ndsdev/devkitPro/libnds/include -I/home/hansung/ndsdev/nds-ide/0892009/ball-wall/build -DARM9 -c /home/hansung/ndsdev/nds-ide/0892009/ball-wall/source/Exp_Homework.c -o Exp_Homework.o 
linking ball-wall.elf
Nintendo DS rom tool 1.50.1 - Jun 19 2012
by Rafael Vuijk, Dave Murphy, Alexei Karpenko
built ... ball-wall.nds
15:33:58 **** Incremental Build of configuration Default for project keyqueue ****
make 
make[1]: `/home/hansung/ndsdev/nds-ide/0892009/keyqueue/keyqueue.nds'는 이미 갱신되었습니다.
15:34:51 **** Incremental Build of configuration Default for project ball-wall ****
make 
Exp_Homework.c
arm-none-eabi-gcc -MMD -MP -MF /home/hansung/ndsdev/nds-ide/0892009/ball-wall/build/Exp_Homework.d -g -Wall -fomit-frame-pointer -ffast-math -mthumb -march=armv5te -mtune=arm946e-s -I/home/hansung/ndsdev/nds-ide/0892009/ball-wall/include -I/home/hansung/ndsdev/nds-ide/0892009/ball-wall/build -I/home/hansung/ndsdev/nds-ide/0892009/ball-wall/FreeRTOS/include -I/home/hansung/ndsdev/nds-ide/0892009/ball-wall/FreeRTOS/NDS -I/home/hansung/ndsdev/devkitPro/libnds/include -I/home/hansung/ndsdev/nds-ide/0892009/ball-wall/build -DARM9 -c /home/hansung/ndsdev/nds-ide/0892009/ball-wall/source/Exp_Homework.c -o Exp_Homework.o 
linking ball-wall.elf
Nintendo DS rom tool 1.50.1 - Jun 19 2012
by Rafael Vuijk, Dave Murphy, Alexei Karpenko
built ... ball-wall.nds
15:34:53 **** Incremental Build of configuration Default for project keyqueue ****
make 
make[1]: `/home/hansung/ndsdev/nds-ide/0892009/keyqueue/keyqueue.nds'는 이미 갱신되었습니다.
15:38:02 **** Incremental Build of configuration Default for project ball-wall ****
make 
Exp_Homework.c
arm-none-eabi-gcc -MMD -MP -MF /home/hansung/ndsdev/nds-ide/0892009/ball-wall/build/Exp_Homework.d -g -Wall -fomit-frame-pointer -ffast-math -mthumb -march=armv5te -mtune=arm946e-s -I/home/hansung/ndsdev/nds-ide/0892009/ball-wall/include -I/home/hansung/ndsdev/nds-ide/0892009/ball-wall/build -I/home/hansung/ndsdev/nds-ide/0892009/ball-wall/FreeRTOS/include -I/home/hansung/ndsdev/nds-ide/0892009/ball-wall/FreeRTOS/NDS -I/home/hansung/ndsdev/devkitPro/libnds/include -I/home/hansung/ndsdev/nds-ide/0892009/ball-wall/build -DARM9 -c /home/hansung/ndsdev/nds-ide/0892009/ball-wall/source/Exp_Homework.c -o Exp_Homework.o 
linking ball-wall.elf
Nintendo DS rom tool 1.50.1 - Jun 19 2012
by Rafael Vuijk, Dave Murphy, Alexei Karpenko
built ... ball-wall.nds
15:38:04 **** Incremental Build of configuration Default for project keyqueue ****
make 
make[1]: `/home/hansung/ndsdev/nds-ide/0892009/keyqueue/keyqueue.nds'는 이미 갱신되었습니다.
15:42:00 **** Incremental Build of configuration Default for project ball-wall ****
make 
Exp_Homework.c
arm-none-eabi-gcc -MMD -MP -MF /home/hansung/ndsdev/nds-ide/0892009/ball-wall/build/Exp_Homework.d -g -Wall -fomit-frame-pointer -ffast-math -mthumb -march=armv5te -mtune=arm946e-s -I/home/hansung/ndsdev/nds-ide/0892009/ball-wall/include -I/home/hansung/ndsdev/nds-ide/0892009/ball-wall/build -I/home/hansung/ndsdev/nds-ide/0892009/ball-wall/FreeRTOS/include -I/home/hansung/ndsdev/nds-ide/0892009/ball-wall/FreeRTOS/NDS -I/home/hansung/ndsdev/devkitPro/libnds/include -I/home/hansung/ndsdev/nds-ide/0892009/ball-wall/build -DARM9 -c /home/hansung/ndsdev/nds-ide/0892009/ball-wall/source/Exp_Homework.c -o Exp_Homework.o 
linking ball-wall.elf
Nintendo DS rom tool 1.50.1 - Jun 19 2012
by Rafael Vuijk, Dave Murphy, Alexei Karpenko
built ... ball-wall.nds
15:42:02 **** Incremental Build of configuration Default for project keyqueue ****
make 
make[1]: `/home/hansung/ndsdev/nds-ide/0892009/keyqueue/keyqueue.nds'는 이미 갱신되었습니다.
15:50:15 **** Incremental Build of configuration Default for project ball-wall ****
make 
make[1]: `/home/hansung/ndsdev/nds-ide/0892009/ball-wall/ball-wall.nds'는 이미 갱신되었습니다.
15:50:16 **** Incremental Build of configuration Default for project keyqueue ****
make 
make[1]: `/home/hansung/ndsdev/nds-ide/0892009/keyqueue/keyqueue.nds'는 이미 갱신되었습니다.
15:59:36 **** Incremental Build of configuration Default for project ball-wall ****
make 
Exp_Homework.c
arm-none-eabi-gcc -MMD -MP -MF /home/hansung/ndsdev/nds-ide/0892009/ball-wall/build/Exp_Homework.d -g -Wall -fomit-frame-pointer -ffast-math -mthumb -march=armv5te -mtune=arm946e-s -I/home/hansung/ndsdev/nds-ide/0892009/ball-wall/include -I/home/hansung/ndsdev/nds-ide/0892009/ball-wall/build -I/home/hansung/ndsdev/nds-ide/0892009/ball-wall/FreeRTOS/include -I/home/hansung/ndsdev/nds-ide/0892009/ball-wall/FreeRTOS/NDS -I/home/hansung/ndsdev/devkitPro/libnds/include -I/home/hansung/ndsdev/nds-ide/0892009/ball-wall/build -DARM9 -c /home/hansung/ndsdev/nds-ide/0892009/ball-wall/source/Exp_Homework.c -o Exp_Homework.o 
linking ball-wall.elf
Nintendo DS rom tool 1.50.1 - Jun 19 2012
by Rafael Vuijk, Dave Murphy, Alexei Karpenko
built ... ball-wall.nds
15:59:39 **** Incremental Build of configuration Default for project keyqueue ****
make 
make[1]: `/home/hansung/ndsdev/nds-ide/0892009/keyqueue/keyqueue.nds'는 이미 갱신되었습니다.
16:02:59 **** Incremental Build of configuration Default for project ball-wall ****
make 
Exp_Homework.c
arm-none-eabi-gcc -MMD -MP -MF /home/hansung/ndsdev/nds-ide/0892009/ball-wall/build/Exp_Homework.d -g -Wall -fomit-frame-pointer -ffast-math -mthumb -march=armv5te -mtune=arm946e-s -I/home/hansung/ndsdev/nds-ide/0892009/ball-wall/include -I/home/hansung/ndsdev/nds-ide/0892009/ball-wall/build -I/home/hansung/ndsdev/nds-ide/0892009/ball-wall/FreeRTOS/include -I/home/hansung/ndsdev/nds-ide/0892009/ball-wall/FreeRTOS/NDS -I/home/hansung/ndsdev/devkitPro/libnds/include -I/home/hansung/ndsdev/nds-ide/0892009/ball-wall/build -DARM9 -c /home/hansung/ndsdev/nds-ide/0892009/ball-wall/source/Exp_Homework.c -o Exp_Homework.o 
/home/hansung/ndsdev/nds-ide/0892009/ball-wall/source/Exp_Homework.c: In function 'Exp_8_Homework_A':
/home/hansung/ndsdev/nds-ide/0892009/ball-wall/source/Exp_Homework.c:68:6: warning: unused variable 'i' [-Wunused-variable]
linking ball-wall.elf
Nintendo DS rom tool 1.50.1 - Jun 19 2012
by Rafael Vuijk, Dave Murphy, Alexei Karpenko
built ... ball-wall.nds
16:03:02 **** Incremental Build of configuration Default for project keyqueue ****
make 
make[1]: `/home/hansung/ndsdev/nds-ide/0892009/keyqueue/keyqueue.nds'는 이미 갱신되었습니다.
16:51:28 **** Incremental Build of configuration Default for project ball-wall ****
make 
Exp_Homework.c
arm-none-eabi-gcc -MMD -MP -MF /home/hansung/ndsdev/nds-ide/0892009/ball-wall/build/Exp_Homework.d -g -Wall -fomit-frame-pointer -ffast-math -mthumb -march=armv5te -mtune=arm946e-s -I/home/hansung/ndsdev/nds-ide/0892009/ball-wall/include -I/home/hansung/ndsdev/nds-ide/0892009/ball-wall/build -I/home/hansung/ndsdev/nds-ide/0892009/ball-wall/FreeRTOS/include -I/home/hansung/ndsdev/nds-ide/0892009/ball-wall/FreeRTOS/NDS -I/home/hansung/ndsdev/devkitPro/libnds/include -I/home/hansung/ndsdev/nds-ide/0892009/ball-wall/build -DARM9 -c /home/hansung/ndsdev/nds-ide/0892009/ball-wall/source/Exp_Homework.c -o Exp_Homework.o 
linking ball-wall.elf
Nintendo DS rom tool 1.50.1 - Jun 19 2012
by Rafael Vuijk, Dave Murphy, Alexei Karpenko
built ... ball-wall.nds
16:51:30 **** Incremental Build of configuration Default for project keyqueue ****
make 
make[1]: `/home/hansung/ndsdev/nds-ide/0892009/keyqueue/keyqueue.nds'는 이미 갱신되었습니다.
16:52:28 **** Incremental Build of configuration Default for project ball-wall ****
make 
Exp_Homework.c
arm-none-eabi-gcc -MMD -MP -MF /home/hansung/ndsdev/nds-ide/0892009/ball-wall/build/Exp_Homework.d -g -Wall -fomit-frame-pointer -ffast-math -mthumb -march=armv5te -mtune=arm946e-s -I/home/hansung/ndsdev/nds-ide/0892009/ball-wall/include -I/home/hansung/ndsdev/nds-ide/0892009/ball-wall/build -I/home/hansung/ndsdev/nds-ide/0892009/ball-wall/FreeRTOS/include -I/home/hansung/ndsdev/nds-ide/0892009/ball-wall/FreeRTOS/NDS -I/home/hansung/ndsdev/devkitPro/libnds/include -I/home/hansung/ndsdev/nds-ide/0892009/ball-wall/build -DARM9 -c /home/hansung/ndsdev/nds-ide/0892009/ball-wall/source/Exp_Homework.c -o Exp_Homework.o 
linking ball-wall.elf
Nintendo DS rom tool 1.50.1 - Jun 19 2012
by Rafael Vuijk, Dave Murphy, Alexei Karpenko
built ... ball-wall.nds
16:52:31 **** Incremental Build of configuration Default for project keyqueue ****
make 
make[1]: `/home/hansung/ndsdev/nds-ide/0892009/keyqueue/keyqueue.nds'는 이미 갱신되었습니다.
